<?xml version="1.0" encoding="UTF-8"?>
<!-- Generated by org.testng.reporters.JUnitReportReporter -->
<testsuite hostname="MSI" failures="0" tests="4" name="MyTestCases" time="7.120" errors="0" timestamp="2024-07-07T21:20:23 EET" skipped="0">
  <testcase classname="MyTestCases" name="addData" time="0.037"/>
  <system-out/>
  <testcase classname="MyTestCases" name="updateData" time="0.012"/>
  <system-out/>
  <testcase classname="MyTestCases" name="getData" time="7.050"/>
  <system-out/>
  <testcase classname="MyTestCases" name="deleteData" time="0.021"/>
  <system-out/>
</testsuite> <!-- MyTestCases -->
